<?xml version="1.0" encoding="UTF-8"?>
<!-- Generated by org.testng.reporters.JUnitXMLReporter -->
<testsuite ignored="0" hostname="Vinods-MacBook-Pro.local" failures="1" tests="3" name="ErrorValidations" time="9.578" errors="0" timestamp="2026-03-10T15:38:39 IST">
  <testcase classname="tests.ErrorValidations" name="loginErrorValidation" time="0.193">
    <skipped/>
  </testcase> <!-- loginErrorValidation -->
  <testcase classname="tests.ErrorValidations" name="loginErrorValidation" time="0.163">
    <failure type="java.lang.AssertionError" message="expected [Incorrect email  password.] but found [Incorrect email or password.]">
      <![CDATA[java.lang.AssertionError: expected [Incorrect email  password.] but found [Incorrect email or password.]
at tests.ErrorValidations.loginErrorValidation(ErrorValidations.java:25)
at java.base/java.util.ArrayList.forEach(ArrayList.java:1511)
at java.base/java.util.concurrent.FutureTask.run(FutureTask.java:264)
at java.base/java.util.concurrent.ThreadPoolExecutor.runWorker(ThreadPoolExecutor.java:1136)
at java.base/java.util.concurrent.ThreadPoolExecutor$Worker.run(ThreadPoolExecutor.java:635)
at java.base/java.lang.Thread.run(Thread.java:840)
... Removed 23 stack frames]]>
    </failure>
  </testcase> <!-- loginErrorValidation -->
  <testcase classname="tests.ErrorValidations" name="productErrorValidation" time="3.201"/>
</testsuite> <!-- ErrorValidations -->
