<?xml version="1.0" encoding="UTF-8"?>
<!-- Generated by org.testng.reporters.JUnitXMLReporter -->
<testsuite ignored="0" hostname="Vinods-MacBook-Pro.local" failures="0" tests="3" name="SubmitOrder" time="14.042" errors="0" timestamp="2026-03-10T15:38:44 IST">
  <testcase classname="tests.SubmitOrder" name="placeOrder" time="3.62"/>
  <testcase classname="tests.SubmitOrder" name="placeOrder" time="3.653"/>
  <testcase classname="tests.SubmitOrder" name="orderHistoryTest" time="0.902"/>
</testsuite> <!-- SubmitOrder -->
