<?xml version="1.0" encoding="UTF-8"?>
<!-- Generated by org.testng.reporters.JUnitReportReporter -->
<testsuite hostname="Vinods-MacBook-Pro.local" failures="0" tests="3" name="tests.SubmitOrder" time="13.987" errors="0" timestamp="2026-03-10T15:38:44 IST" skipped="0">
  <testcase classname="tests.SubmitOrder" name="placeOrder" time="6.096"/>
  <testcase classname="tests.SubmitOrder" name="orderHistoryTest" time="2.165"/>
  <testcase classname="tests.SubmitOrder" name="placeOrder" time="5.726"/>
</testsuite> <!-- tests.SubmitOrder -->
